0 info it worked if it ends with ok
1 verbose cli [ '/usr/bin/node', '/usr/bin/npm', 'run', 'dev' ]
2 info using npm@3.5.2
3 info using node@v8.10.0
4 verbose run-script [ 'predev', 'dev', 'postdev' ]
5 info lifecycle onsenui-v2-angular1-tabbar@2.0.7~predev: onsenui-v2-angular1-tabbar@2.0.7
6 silly lifecycle onsenui-v2-angular1-tabbar@2.0.7~predev: no script for predev, continuing
7 info lifecycle onsenui-v2-angular1-tabbar@2.0.7~dev: onsenui-v2-angular1-tabbar@2.0.7
8 verbose lifecycle onsenui-v2-angular1-tabbar@2.0.7~dev: unsafe-perm in lifecycle true
9 verbose lifecycle onsenui-v2-angular1-tabbar@2.0.7~dev: PATH: /usr/share/npm/bin/node-gyp-bin:/home/rinov/code/github/Monaca-OnsenUI-AngularJs/AngularJs_Tabbar_1/node_modules/.bin:/usr/share/npm/bin/node-gyp-bin:/home/rinov/code/github/Monaca-OnsenUI-AngularJs/AngularJs_Tabbar_1/node_modules/.bin:/home/rinov/.local/bin:/usr/local/sbin:/usr/local/bin:/usr/sbin:/usr/bin:/sbin:/bin:/usr/games:/usr/local/games:/snap/bin
10 verbose lifecycle onsenui-v2-angular1-tabbar@2.0.7~dev: CWD: /home/rinov/code/github/Monaca-OnsenUI-AngularJs/AngularJs_Tabbar_1
11 silly lifecycle onsenui-v2-angular1-tabbar@2.0.7~dev: Args: [ '-c',
11 silly lifecycle   'browser-sync start -s www/ --watch --port 8080 --ui-port 8081' ]
12 silly lifecycle onsenui-v2-angular1-tabbar@2.0.7~dev: Returned: code: 1  signal: null
13 info lifecycle onsenui-v2-angular1-tabbar@2.0.7~dev: Failed to exec dev script
14 verbose stack Error: onsenui-v2-angular1-tabbar@2.0.7 dev: `browser-sync start -s www/ --watch --port 8080 --ui-port 8081`
14 verbose stack Exit status 1
14 verbose stack     at EventEmitter.<anonymous> (/usr/share/npm/lib/utils/lifecycle.js:232:16)
14 verbose stack     at emitTwo (events.js:126:13)
14 verbose stack     at EventEmitter.emit (events.js:214:7)
14 verbose stack     at ChildProcess.<anonymous> (/usr/share/npm/lib/utils/spawn.js:24:14)
14 verbose stack     at emitTwo (events.js:126:13)
14 verbose stack     at ChildProcess.emit (events.js:214:7)
14 verbose stack     at maybeClose (internal/child_process.js:925:16)
14 verbose stack     at Process.ChildProcess._handle.onexit (internal/child_process.js:209:5)
15 verbose pkgid onsenui-v2-angular1-tabbar@2.0.7
16 verbose cwd /home/rinov/code/github/Monaca-OnsenUI-AngularJs/AngularJs_Tabbar_1
17 error Linux 5.3.0-46-generic
18 error argv "/usr/bin/node" "/usr/bin/npm" "run" "dev"
19 error node v8.10.0
20 error npm  v3.5.2
21 error code ELIFECYCLE
22 error onsenui-v2-angular1-tabbar@2.0.7 dev: `browser-sync start -s www/ --watch --port 8080 --ui-port 8081`
22 error Exit status 1
23 error Failed at the onsenui-v2-angular1-tabbar@2.0.7 dev script 'browser-sync start -s www/ --watch --port 8080 --ui-port 8081'.
23 error Make sure you have the latest version of node.js and npm installed.
23 error If you do, this is most likely a problem with the onsenui-v2-angular1-tabbar package,
23 error not with npm itself.
23 error Tell the author that this fails on your system:
23 error     browser-sync start -s www/ --watch --port 8080 --ui-port 8081
23 error You can get information on how to open an issue for this project with:
23 error     npm bugs onsenui-v2-angular1-tabbar
23 error Or if that isn't available, you can get their info via:
23 error     npm owner ls onsenui-v2-angular1-tabbar
23 error There is likely additional logging output above.
24 verbose exit [ 1, true ]
